Command line:
   top_level_sub_tb_isim_beh.exe
     -simmode  gui
     -simrunnum  0
     -socket  60085

Fri Feb 22 12:38:07 2019


 Elaboration Time: 0.01 sec

 Current Memory Usage: 196.76 Meg

 Total Signals          : 180
 Total Nets             : 285
 Total Signal Drivers   : 74
 Total Blocks           : 78
 Total Primitive Blocks : 59
 Total Processes        : 66
 Total Traceable Variables  : 235
 Total Scalar Nets and Variables : 2017
Total Line Count : 385

 Total Simulation Time: 0.02 sec

 Current Memory Usage: 272.261 Meg

Fri Feb 22 12:41:15 2019

